<?xml version="1.0" encoding="UTF-8"?>
<!-- Generated by org.testng.reporters.JUnitXMLReporter -->
<testsuite ignored="5" hostname="GURU" failures="1" tests="1" name="Default test(failed)" time="71.966" errors="0" timestamp="2024-01-29T16:53:45 IST">
  <testcase classname="testScript.AllTransactionTest" name="allTransactionCustom" time="68.179">
    <failure type="java.lang.AssertionError" message="The following asserts failed:
	expected [true] but found [false],
	expected [true] but found [false]">
      <![CDATA[java.lang.AssertionError: The following asserts failed:
expected [true] but found [false],
expected [true] but found [false]
at testScript.AllTransactionTest.allTransactionCustom(AllTransactionTest.java:1471)
at java.base/java.util.ArrayList.forEach(ArrayList.java:1511)
... Removed 27 stack frames]]>
    </failure>
  </testcase> <!-- allTransactionCustom -->
  <testcase classname="testScript.AllTransactionTest" name="allTransactionRecent" time="0.0">
    <ignored/>
  </testcase> <!-- allTransactionRecent -->
  <testcase classname="testScript.AllTransactionTest" name="allTransactionToday" time="0.0">
    <ignored/>
  </testcase> <!-- allTransactionToday -->
  <testcase classname="testScript.AllTransactionTest" name="allTransactionLast30Days" time="0.0">
    <ignored/>
  </testcase> <!-- allTransactionLast30Days -->
  <testcase classname="testScript.AllTransactionTest" name="allTransactionLast7Days" time="0.0">
    <ignored/>
  </testcase> <!-- allTransactionLast7Days -->
  <testcase classname="testScript.AllTransactionTest" name="allTransactionYesterday" time="0.0">
    <ignored/>
  </testcase> <!-- allTransactionYesterday -->
</testsuite> <!-- Default test(failed) -->
