<?xml version="1.0" encoding="UTF-8"?>
<!-- Generated by org.testng.reporters.JUnitXMLReporter -->
<testsuite ignored="1" hostname="GURU" failures="1" tests="1" name="CrossbrowserEdge" time="72.82" errors="0" timestamp="2023-09-21T11:54:45 IST">
  <testcase classname="testScript.PayoutTest" name="payoutBank" time="65.258">
    <failure type="java.lang.AssertionError" message="The following asserts failed:
	expected [19502.03] but found [0.0]">
      <![CDATA[java.lang.AssertionError: The following asserts failed:
expected [19502.03] but found [0.0]
at testScript.PayoutTest.payoutBank(PayoutTest.java:187)
at java.base/java.util.ArrayList.forEach(ArrayList.java:1511)
at java.base/java.util.concurrent.FutureTask.run(FutureTask.java:317)
at java.base/java.util.concurrent.ThreadPoolExecutor.runWorker(ThreadPoolExecutor.java:1144)
at java.base/java.util.concurrent.ThreadPoolExecutor$Worker.run(ThreadPoolExecutor.java:642)
at java.base/java.lang.Thread.run(Thread.java:1589)
... Removed 17 stack frames]]>
    </failure>
  </testcase> <!-- payoutBank -->
  <testcase classname="testScript.PayoutTest" name="payoutUpi" time="0.0">
    <ignored/>
  </testcase> <!-- payoutUpi -->
</testsuite> <!-- CrossbrowserEdge -->
