<?xml version="1.0" encoding="UTF-8"?>
<!-- Generated by org.testng.reporters.JUnitXMLReporter -->
<testsuite ignored="5" hostname="GURU" failures="0" tests="1" name="Default test(failed)(failed)(failed)" time="4.848" errors="0" timestamp="2024-01-29T17:35:18 IST">
  <testcase classname="genricLibraries.BaseClass" name="@BeforeMethod methodConfig" time="3.168">
    <failure type="org.openqa.selenium.SessionNotCreatedException" message="Could not start a new session. Response code 500. Message: session not created: Chrome failed to start: exited normally.
  (session not created: DevToolsActivePort file doesn&amp;apos;t exist)
  (The process started from chrome location C:\Program Files\Google\Chrome\Application\chrome.exe is no longer running, so ChromeDriver is assuming that Chrome has crashed.) 
Host info: host: &amp;apos;GURU&amp;apos;, ip: &amp;apos;192.168.0.169&amp;apos;
Build info: version: &amp;apos;4.15.0&amp;apos;, revision: &amp;apos;1d14b5521b&amp;apos;
System info: os.name: &amp;apos;Windows 11&amp;apos;, os.arch: &amp;apos;amd64&amp;apos;, os.version: &amp;apos;10.0&amp;apos;, java.version: &amp;apos;19.0.1&amp;apos;
Driver info: org.openqa.selenium.chrome.ChromeDriver
Command: [null, newSession {capabilities=[Capabilities {browserName: chrome, goog:chromeOptions: {args: [user-data-dir=C:\Users\Guru..., --profile-directory=Profile 3, --remote-allow-origins=*], extensions: []}}]}]">
      <![CDATA[org.openqa.selenium.SessionNotCreatedException: Could not start a new session. Response code 500. Message: session not created: Chrome failed to start: exited normally.
  (session not created: DevToolsActivePort file doesn't exist)
  (The process started from chrome location C:\Program Files\Google\Chrome\Application\chrome.exe is no longer running, so ChromeDriver is assuming that Chrome has crashed.) 
Host info: host: 'GURU', ip: '192.168.0.169'
Build info: version: '4.15.0', revision: '1d14b5521b'
System info: os.name: 'Windows 11', os.arch: 'amd64', os.version: '10.0', java.version: '19.0.1'
Driver info: org.openqa.selenium.chrome.ChromeDriver
Command: [null, newSession {capabilities=[Capabilities {browserName: chrome, goog:chromeOptions: {args: [user-data-dir=C:\Users\Guru..., --profile-directory=Profile 3, --remote-allow-origins=*], extensions: []}}]}]
at org.openqa.selenium.remote.ProtocolHandshake.createSession(ProtocolHandshake.java:140)
at org.openqa.selenium.remote.ProtocolHandshake.createSession(ProtocolHandshake.java:96)
at org.openqa.selenium.remote.ProtocolHandshake.createSession(ProtocolHandshake.java:68)
at org.openqa.selenium.remote.HttpCommandExecutor.execute(HttpCommandExecutor.java:163)
at org.openqa.selenium.remote.service.DriverCommandExecutor.invokeExecute(DriverCommandExecutor.java:200)
at org.openqa.selenium.remote.service.DriverCommandExecutor.execute(DriverCommandExecutor.java:175)
at org.openqa.selenium.remote.RemoteWebDriver.execute(RemoteWebDriver.java:607)
at org.openqa.selenium.remote.RemoteWebDriver.startSession(RemoteWebDriver.java:241)
at org.openqa.selenium.remote.RemoteWebDriver.<init>(RemoteWebDriver.java:168)
at org.openqa.selenium.chromium.ChromiumDriver.<init>(ChromiumDriver.java:108)
at org.openqa.selenium.chrome.ChromeDriver.<init>(ChromeDriver.java:89)
at org.openqa.selenium.chrome.ChromeDriver.<init>(ChromeDriver.java:84)
at org.openqa.selenium.chrome.ChromeDriver.<init>(ChromeDriver.java:73)
at genricLibraries.WebDriverUtility.launchBrowser(WebDriverUtility.java:56)
at genricLibraries.BaseClass.methodConfig(BaseClass.java:48)
at java.base/java.util.ArrayList.forEach(ArrayList.java:1511)
... Removed 29 stack frames]]>
    </failure>
  </testcase> <!-- @BeforeMethod methodConfig -->
  <testcase classname="genricLibraries.BaseClass" name="@AfterMethod methodTearDown" time="0.0">
    <skipped/>
  </testcase> <!-- @AfterMethod methodTearDown -->
  <testcase classname="genricLibraries.BaseClass" name="@AfterClass classTearDown" time="0.0">
    <skipped/>
  </testcase> <!-- @AfterClass classTearDown -->
  <testcase classname="testScript.AllTransactionTest" name="allTransactionCustom" time="0.0">
    <skipped/>
  </testcase> <!-- allTransactionCustom -->
  <testcase classname="testScript.AllTransactionTest" name="allTransactionRecent" time="0.0">
    <ignored/>
  </testcase> <!-- allTransactionRecent -->
  <testcase classname="testScript.AllTransactionTest" name="allTransactionToday" time="0.0">
    <ignored/>
  </testcase> <!-- allTransactionToday -->
  <testcase classname="testScript.AllTransactionTest" name="allTransactionLast30Days" time="0.0">
    <ignored/>
  </testcase> <!-- allTransactionLast30Days -->
  <testcase classname="testScript.AllTransactionTest" name="allTransactionLast7Days" time="0.0">
    <ignored/>
  </testcase> <!-- allTransactionLast7Days -->
  <testcase classname="testScript.AllTransactionTest" name="allTransactionYesterday" time="0.0">
    <ignored/>
  </testcase> <!-- allTransactionYesterday -->
</testsuite> <!-- Default test(failed)(failed)(failed) -->
